E:\Projects\XiaoMo\用户相关资料\联谊\SDK\例程\VC2010Demo\VC2010Demo\Debug\cl.command.1.tlog
E:\Projects\XiaoMo\用户相关资料\联谊\SDK\例程\VC2010Demo\VC2010Demo\Debug\CL.read.1.tlog
E:\Projects\XiaoMo\用户相关资料\联谊\SDK\例程\VC2010Demo\VC2010Demo\Debug\CL.write.1.tlog
E:\Projects\XiaoMo\用户相关资料\联谊\SDK\例程\VC2010Demo\VC2010Demo\Debug\link.command.1.tlog
E:\Projects\XiaoMo\用户相关资料\联谊\SDK\例程\VC2010Demo\VC2010Demo\Debug\link.read.1.tlog
E:\Projects\XiaoMo\用户相关资料\联谊\SDK\例程\VC2010Demo\VC2010Demo\Debug\link.write.1.tlog
E:\Projects\XiaoMo\用户相关资料\联谊\SDK\例程\VC2010Demo\VC2010Demo\Debug\link-cvtres.read.1.tlog
E:\Projects\XiaoMo\用户相关资料\联谊\SDK\例程\VC2010Demo\VC2010Demo\Debug\link-cvtres.write.1.tlog
E:\Projects\XiaoMo\用户相关资料\联谊\SDK\例程\VC2010Demo\VC2010Demo\Debug\mt.command.1.tlog
E:\Projects\XiaoMo\用户相关资料\联谊\SDK\例程\VC2010Demo\VC2010Demo\Debug\mt.read.1.tlog
E:\Projects\XiaoMo\用户相关资料\联谊\SDK\例程\VC2010Demo\VC2010Demo\Debug\mt.write.1.tlog
E:\Projects\XiaoMo\用户相关资料\联谊\SDK\例程\VC2010Demo\VC2010Demo\Debug\rc.command.1.tlog
E:\Projects\XiaoMo\用户相关资料\联谊\SDK\例程\VC2010Demo\VC2010Demo\Debug\rc.read.1.tlog
E:\Projects\XiaoMo\用户相关资料\联谊\SDK\例程\VC2010Demo\VC2010Demo\Debug\rc.write.1.tlog
E:\PROJECTS\XIAOMO\用户相关资料\联谊\SDK\例程\VC2010DEMO\VC2010DEMO\DEBUG\STDAFX.OBJ
E:\Projects\XiaoMo\用户相关资料\联谊\SDK\例程\VC2010Demo\VC2010Demo\Debug\vc100.idb
E:\PROJECTS\XIAOMO\用户相关资料\联谊\SDK\例程\VC2010DEMO\VC2010DEMO\DEBUG\VC100.PDB
E:\PROJECTS\XIAOMO\用户相关资料\联谊\SDK\例程\VC2010DEMO\VC2010DEMO\DEBUG\VC2010DEMO.EXE
E:\PROJECTS\XIAOMO\用户相关资料\联谊\SDK\例程\VC2010DEMO\VC2010DEMO\DEBUG\VC2010DEMO.EXE.EMBED.MANIFEST
E:\PROJECTS\XIAOMO\用户相关资料\联谊\SDK\例程\VC2010DEMO\VC2010DEMO\DEBUG\VC2010DEMO.EXE.EMBED.MANIFEST.RES
E:\PROJECTS\XIAOMO\用户相关资料\联谊\SDK\例程\VC2010DEMO\VC2010DEMO\DEBUG\VC2010DEMO.EXE.INTERMEDIATE.MANIFEST
E:\PROJECTS\XIAOMO\用户相关资料\联谊\SDK\例程\VC2010DEMO\VC2010DEMO\DEBUG\VC2010DEMO.ILK
E:\PROJECTS\XIAOMO\用户相关资料\联谊\SDK\例程\VC2010DEMO\VC2010DEMO\DEBUG\VC2010DEMO.OBJ
E:\PROJECTS\XIAOMO\用户相关资料\联谊\SDK\例程\VC2010DEMO\VC2010DEMO\DEBUG\VC2010DEMO.PCH
E:\PROJECTS\XIAOMO\用户相关资料\联谊\SDK\例程\VC2010DEMO\VC2010DEMO\DEBUG\VC2010DEMO.PDB
E:\PROJECTS\XIAOMO\用户相关资料\联谊\SDK\例程\VC2010DEMO\VC2010DEMO\DEBUG\VC2010DEMO.RES
E:\Projects\XiaoMo\用户相关资料\联谊\SDK\例程\VC2010Demo\VC2010Demo\Debug\VC2010Demo.vcxprojResolveAssemblyReference.cache
E:\Projects\XiaoMo\用户相关资料\联谊\SDK\例程\VC2010Demo\VC2010Demo\Debug\VC2010Demo.write.1.tlog
E:\Projects\XiaoMo\用户相关资料\联谊\SDK\例程\VC2010Demo\VC2010Demo\Debug\VC2010Demo_manifest.rc
E:\PROJECTS\XIAOMO\用户相关资料\联谊\SDK\例程\VC2010DEMO\VC2010DEMO\DEBUG\VC2010DEMODLG.OBJ
